<?xml version="1.0" encoding="UTF-8"?>
<testsuite xmlns:xsi="http://www.w3.org/2001/XMLSchema-instance" xsi:noNamespaceSchemaLocation="https://maven.apache.org/surefire/maven-surefire-plugin/xsd/surefire-test-report.xsd" version="3.0.2" name="com.sillek.gitlite.repository.ProjectRepositoryTest" time="1.902" tests="1" errors="0" skipped="0" failures="0">
  <properties>
[...]
</properties>
  <testcase name="givenProject_whenSave_thenGetOk" classname="com.sillek.gitlite.repository.ProjectRepositoryTest" time="0.335">
    <system-out><![CDATA[12:47:49.405 [main] INFO org.springframework.test.context.support.AnnotationConfigContextLoaderUtils -- Could not detect default configuration classes for test class [com.sillek.gitlite.repository.ProjectRepositoryTest]: ProjectRepositoryTest does not declare any static, non-private, non-final, nested classes annotated with @Configuration.
12:47:49.473 [main] INFO org.springframework.boot.test.context.SpringBootTestContextBootstrapper -- Found @SpringBootConfiguration com.sillek.gitlite.GitliteApplication for test class com.sillek.gitlite.repository.ProjectRepositoryTest
12:47:49.538 [main] INFO org.springframework.boot.devtools.restart.RestartApplicationListener -- Restart disabled due to context in which it is running

  .   ____          _            __ _ _
 /\\ / ___'_ __ _ _(_)_ __  __ _ \ \ \ \
( ( )\___ | '_ | '_| | '_ \/ _` | \ \ \ \
 \\/  ___)| |_)| | | | | || (_| |  ) ) ) )
  '  |____| .__|_| |_|_| |_\__, | / / / /
 =========|_|==============|___/=/_/_/_/

 :: Spring Boot ::                (v3.5.6)

2025-10-14T12:47:49.712-04:00  INFO 82750 --- [gitlite] [           main] c.s.g.repository.ProjectRepositoryTest   : Starting ProjectRepositoryTest using Java 21.0.4 with PID 82750 (started by keellis in /Users/keellis/eclipse-workspace/gitlite)
2025-10-14T12:47:49.713-04:00  INFO 82750 --- [gitlite] [           main] c.s.g.repository.ProjectRepositoryTest   : The following 1 profile is active: "test"
2025-10-14T12:47:49.908-04:00  INFO 82750 --- [gitlite] [           main] .s.d.r.c.RepositoryConfigurationDelegate : Bootstrapping Spring Data JPA repositories in DEFAULT mode.
2025-10-14T12:47:49.936-04:00  INFO 82750 --- [gitlite] [           main] .s.d.r.c.RepositoryConfigurationDelegate : Finished Spring Data repository scanning in 23 ms. Found 2 JPA repository interfaces.
2025-10-14T12:47:49.967-04:00  INFO 82750 --- [gitlite] [           main] beddedDataSourceBeanFactoryPostProcessor : Replacing 'dataSource' DataSource bean with embedded version
2025-10-14T12:47:50.042-04:00  INFO 82750 --- [gitlite] [           main] o.s.j.d.e.EmbeddedDatabaseFactory        : Starting embedded database: url='jdbc:h2:mem:cadd41a9-31cb-463e-808f-f0e0b24896b3;DB_CLOSE_DELAY=-1;DB_CLOSE_ON_EXIT=false', username='sa'
2025-10-14T12:47:50.170-04:00  INFO 82750 --- [gitlite] [           main] o.hibernate.jpa.internal.util.LogHelper  : HHH000204: Processing PersistenceUnitInfo [name: default]
2025-10-14T12:47:50.189-04:00  INFO 82750 --- [gitlite] [           main] org.hibernate.Version                    : HHH000412: Hibernate ORM core version 6.6.29.Final
2025-10-14T12:47:50.203-04:00  INFO 82750 --- [gitlite] [           main] o.h.c.internal.RegionFactoryInitiator    : HHH000026: Second-level cache disabled
2025-10-14T12:47:50.343-04:00  INFO 82750 --- [gitlite] [           main] o.s.o.j.p.SpringPersistenceUnitInfo      : No LoadTimeWeaver setup: ignoring JPA class transformer
2025-10-14T12:47:50.364-04:00  WARN 82750 --- [gitlite] [           main] org.hibernate.orm.deprecation            : HHH90000025: H2Dialect does not need to be specified explicitly using 'hibernate.dialect' (remove the property setting and it will be selected by default)
2025-10-14T12:47:50.372-04:00  INFO 82750 --- [gitlite] [           main] org.hibernate.orm.connections.pooling    : HHH10001005: Database info:
	Database JDBC URL [Connecting through datasource 'org.springframework.jdbc.datasource.embedded.EmbeddedDatabaseFactory$EmbeddedDataSourceProxy@2c8ff67']
	Database driver: undefined/unknown
	Database version: 2.3.232
	Autocommit mode: undefined/unknown
	Isolation level: undefined/unknown
	Minimum pool size: undefined/unknown
	Maximum pool size: undefined/unknown
2025-10-14T12:47:50.430-04:00  WARN 82750 --- [gitlite] [           main] o.h.b.i.InFlightMetadataCollectorImpl    : HHH000069: Duplicate generator name SEQ
2025-10-14T12:47:50.431-04:00  WARN 82750 --- [gitlite] [           main] o.h.b.i.InFlightMetadataCollectorImpl    : HHH000069: Duplicate generator name SEQ
2025-10-14T12:47:50.480-04:00  WARN 82750 --- [gitlite] [           main] org.hibernate.mapping.RootClass          : HHH000038: Composite-id class does not override equals(): com.sillek.gitlite.model.ProjectUserId
2025-10-14T12:47:50.480-04:00  WARN 82750 --- [gitlite] [           main] org.hibernate.mapping.RootClass          : HHH000039: Composite-id class does not override hashCode(): com.sillek.gitlite.model.ProjectUserId
2025-10-14T12:47:50.651-04:00  INFO 82750 --- [gitlite] [           main] o.h.m.i.EntityInstantiatorPojoStandard   : HHH000182: No default (no-argument) constructor for class: com.sillek.gitlite.model.ProjectUser (class must be instantiated by Interceptor)
2025-10-14T12:47:50.670-04:00  INFO 82750 --- [gitlite] [           main] o.h.m.i.EntityInstantiatorPojoStandard   : HHH000182: No default (no-argument) constructor for class: com.sillek.gitlite.model.User (class must be instantiated by Interceptor)
2025-10-14T12:47:50.675-04:00  INFO 82750 --- [gitlite] [           main] o.h.m.i.EntityInstantiatorPojoStandard   : HHH000182: No default (no-argument) constructor for class: com.sillek.gitlite.model.Project (class must be instantiated by Interceptor)
2025-10-14T12:47:50.681-04:00  INFO 82750 --- [gitlite] [           main] o.h.m.i.EntityInstantiatorPojoStandard   : HHH000182: No default (no-argument) constructor for class: com.sillek.gitlite.model.Role (class must be instantiated by Interceptor)
2025-10-14T12:47:50.686-04:00  INFO 82750 --- [gitlite] [           main] o.h.m.internal.PojoInstantiatorImpl      : HHH000182: No default (no-argument) constructor for class: com.sillek.gitlite.model.ProjectUserId (class must be instantiated by Interceptor)
2025-10-14T12:47:50.744-04:00  INFO 82750 --- [gitlite] [           main] o.h.e.t.j.p.i.JtaPlatformInitiator       : HHH000489: No JTA platform available (set 'hibernate.transaction.jta.platform' to enable JTA platform integration)
Hibernate: drop table if exists projects cascade 
Hibernate: drop table if exists project_user cascade 
Hibernate: drop table if exists roles cascade 
Hibernate: drop table if exists users cascade 
Hibernate: drop sequence if exists project_seq
Hibernate: drop sequence if exists role_seq
Hibernate: drop sequence if exists user_seq
Hibernate: create sequence project_seq start with 1 increment by 1
Hibernate: create sequence role_seq start with 1 increment by 1
Hibernate: create sequence user_seq start with 1 increment by 1
Hibernate: create table projects (id bigint not null, name varchar(255), primary key (id))
Hibernate: create table project_user (project_id bigint not null, role_id bigint not null, user_id bigint not null, primary key (project_id, role_id, user_id))
Hibernate: create table roles (id bigint not null, name varchar(255), primary key (id))
Hibernate: create table users (id bigint not null, first_name varchar(255), last_name varchar(255), primary key (id))
2025-10-14T12:47:50.763-04:00  INFO 82750 --- [gitlite] [           main] j.LocalContainerEntityManagerFactoryBean : Initialized JPA EntityManagerFactory for persistence unit 'default'
2025-10-14T12:47:50.886-04:00  INFO 82750 --- [gitlite] [           main] c.s.g.repository.ProjectRepositoryTest   : Started ProjectRepositoryTest in 1.354 seconds (process running for 1.867)
Let's inspect the beans provided by Spring Boot:
commandLineRunner
data-jpa.repository-aot-processor#0
dataSource
dataSourceScriptDatabaseInitializer
eagerJpaMetamodelCacheCleanup
emBeanDefinitionRegistrarPostProcessor
entityManagerFactory
entityManagerFactoryBuilder
gitliteApplication
hikariPoolDataSourceMetadataProvider
jdbcClient
jdbcConnectionDetails
jdbcConnectionDetailsHikariBeanPostProcessor
jdbcTemplate
jpa.ProjectRepository.fragments#0
jpa.UserRepository.fragments#0
jpa.named-queries#0
jpa.named-queries#1
jpaContext
jpaMappingContext
jpaSharedEM_AWC_entityManagerFactory
jpaSharedEM_entityManagerFactory
jpaVendorAdapter
namedParameterJdbcTemplate
nonTestEmbeddedDataSourceBeanFactoryPostProcessor
org.springframework.aop.config.internalAutoProxyCreator
org.springframework.boot.autoconfigure.AutoConfigurationPackages
org.springframework.boot.autoconfigure.data.jpa.JpaRepositoriesAutoConfiguration
org.springframework.boot.autoconfigure.internalCachingMetadataReaderFactory
org.springframework.boot.autoconfigure.jdbc.DataSourceAutoConfiguration
org.springframework.boot.autoconfigure.jdbc.DataSourceAutoConfiguration$PooledDataSourceConfiguration
org.springframework.boot.autoconfigure.jdbc.DataSourceConfiguration$Hikari
org.springframework.boot.autoconfigure.jdbc.DataSourceTransactionManagerAutoConfiguration
org.springframework.boot.autoconfigure.jdbc.DataSourceTransactionManagerAutoConfiguration$JdbcTransactionManagerConfiguration
org.springframework.boot.autoconfigure.jdbc.JdbcClientAutoConfiguration
org.springframework.boot.autoconfigure.jdbc.JdbcTemplateAutoConfiguration
org.springframework.boot.autoconfigure.jdbc.JdbcTemplateConfiguration
org.springframework.boot.autoconfigure.jdbc.NamedParameterJdbcTemplateConfiguration
org.springframework.boot.autoconfigure.jdbc.metadata.DataSourcePoolMetadataProvidersConfiguration
org.springframework.boot.autoconfigure.jdbc.metadata.DataSourcePoolMetadataProvidersConfiguration$HikariPoolDataSourceMetadataProviderConfiguration
org.springframework.boot.autoconfigure.orm.jpa.HibernateJpaAutoConfiguration
org.springframework.boot.autoconfigure.orm.jpa.HibernateJpaConfiguration
org.springframework.boot.autoconfigure.orm.jpa.JpaBaseConfiguration$PersistenceManagedTypesConfiguration
org.springframework.boot.autoconfigure.sql.init.DataSourceInitializationConfiguration
org.springframework.boot.autoconfigure.sql.init.SqlInitializationAutoConfiguration
org.springframework.boot.autoconfigure.transaction.TransactionAutoConfiguration
org.springframework.boot.autoconfigure.transaction.TransactionAutoConfiguration$EnableTransactionManagementConfiguration
org.springframework.boot.autoconfigure.transaction.TransactionAutoConfiguration$EnableTransactionManagementConfiguration$CglibAutoProxyConfiguration
org.springframework.boot.autoconfigure.transaction.TransactionAutoConfiguration$TransactionTemplateConfiguration
org.springframework.boot.context.internalConfigurationPropertiesBinder
org.springframework.boot.context.properties.BoundConfigurationProperties
org.springframework.boot.context.properties.ConfigurationPropertiesBindingPostProcessor
org.springframework.boot.context.properties.EnableConfigurationPropertiesRegistrar.methodValidationExcludeFilter
org.springframework.boot.sql.init.dependency.DatabaseInitializationDependencyConfigurer$DependsOnDatabaseInitializationPostProcessor
org.springframework.boot.test.autoconfigure.jdbc.TestDatabaseAutoConfiguration
org.springframework.boot.test.autoconfigure.orm.jpa.TestEntityManagerAutoConfiguration
org.springframework.boot.test.context.ImportsContextCustomizer$ImportsCleanupPostProcessor
org.springframework.boot.test.mock.mockito.MockitoPostProcessor
org.springframework.boot.test.mock.mockito.MockitoPostProcessor$SpyPostProcessor
org.springframework.context.annotation.internalAutowiredAnnotationProcessor
org.springframework.context.annotation.internalCommonAnnotationProcessor
org.springframework.context.annotation.internalConfigurationAnnotationProcessor
org.springframework.context.annotation.internalPersistenceAnnotationProcessor
org.springframework.context.event.internalEventListenerFactory
org.springframework.context.event.internalEventListenerProcessor
org.springframework.data.jpa.repository.support.JpaEvaluationContextExtension
org.springframework.data.jpa.util.JpaMetamodelCacheCleanup
org.springframework.test.context.support.internalDynamicPropertyRegistrarBeanInitializer
org.springframework.transaction.annotation.ProxyTransactionManagementConfiguration
org.springframework.transaction.config.internalTransactionAdvisor
org.springframework.transaction.config.internalTransactionalEventListenerFactory
persistenceManagedTypes
projectRepository
spring.datasource-org.springframework.boot.autoconfigure.jdbc.DataSourceProperties
spring.jdbc-org.springframework.boot.autoconfigure.jdbc.JdbcProperties
spring.jpa-org.springframework.boot.autoconfigure.orm.jpa.JpaProperties
spring.jpa.hibernate-org.springframework.boot.autoconfigure.orm.jpa.HibernateProperties
spring.sql.init-org.springframework.boot.autoconfigure.sql.init.SqlInitializationProperties
testEntityManager
transactionAttributeSource
transactionInterceptor
transactionManager
transactionTemplate
userRepository
Hibernate: select next value for project_seq
]]></system-out>
    <system-err><![CDATA[Mockito is currently self-attaching to enable the inline-mock-maker. This will no longer work in future releases of the JDK. Please add Mockito as an agent to your build as described in Mockito's documentation: https://javadoc.io/doc/org.mockito/mockito-core/latest/org.mockito/org/mockito/Mockito.html#0.3
WARNING: A Java agent has been loaded dynamically (/Users/keellis/.m2/repository/net/bytebuddy/byte-buddy-agent/1.17.7/byte-buddy-agent-1.17.7.jar)
WARNING: If a serviceability tool is in use, please run with -XX:+EnableDynamicAgentLoading to hide this warning
WARNING: If a serviceability tool is not in use, please run with -Djdk.instrument.traceUsage for more information
WARNING: Dynamic loading of agents will be disallowed by default in a future release
]]></system-err>
  </testcase>
</testsuite>